C51 COMPILER V9.01   LCD12864                                                              05/03/2018 21:45:27 PAGE 1   


C51 COMPILER V9.01, COMPILATION OF MODULE LCD12864
OBJECT MODULE PLACED IN LCD12864.OBJ
COMPILER INVOKED BY: C:\Keil_v5\C51\BIN\C51.EXE LCD12864.c BROWSE DEBUG OBJECTEXTEND

line level    source

   1          #include <reg52.h>
   2          #include <intrins.h>
   3          #include"LCD12864.h"
   4          /**************************************************************
   5          
   6          
   7                //串/并方式控制
   8          /*******************************************************************
   9                        常量声明区
  10          ********************************************************************/       
  11          unsigned char code AC_TABLE[]={                                    //坐标编码
  12          0x80,0x81,0x82,0x83,0x84,0x85,0x86,0x87,
  13          0x90,0x91,0x92,0x93,0x94,0x95,0x96,0x97,
  14          0x88,0x89,0x8a,0x8b,0x8c,0x8d,0x8e,0x8f,
  15          0x98,0x99,0x9a,0x9b,0x9c,0x9d,0x9e,0x9f,
  16          };
  17          /****************************************************************
  18           声明：建议读者先查阅我们提供的12864word文档资料，理解12864定坐标的
  19           方式。                                                                                           
  20                        发送一个字节
  21          *****************************************************************/
  22          void SendByte(unsigned char Dbyte)
  23          {
  24   1              unsigned char i;
  25   1              for(i=0;i<8;i++)
  26   1              {
  27   2                      SCK = 0;
  28   2                      Dbyte=Dbyte<<1;
  29   2                      SID = CY;
  30   2                      SCK = 1;
  31   2                      SCK = 0;
  32   2              }
  33   1      }
  34          /**********************************************************
  35                        接收一个字节
  36          ***********************************************************/
  37          
  38          unsigned char ReceiveByte(void)
  39          {
  40   1              unsigned char i,temp1,temp2;
  41   1              temp1=temp2=0;
  42   1              for(i=0;i<8;i++)
  43   1              {
  44   2                      temp1=temp1<<1;
  45   2                      SCK = 0;
  46   2                      SCK = 1;                
  47   2                      SCK = 0;
  48   2                      if(SID) temp1++;
  49   2              }
  50   1              for(i=0;i<8;i++)
  51   1              {
  52   2                      temp2=temp2<<1;
  53   2                      SCK = 0;
  54   2                      SCK = 1;
  55   2                      SCK = 0;
C51 COMPILER V9.01   LCD12864                                                              05/03/2018 21:45:27 PAGE 2   

  56   2                      if(SID) temp2++;
  57   2              }
  58   1              return ((0xf0&temp1)+(0x0f&temp2));
  59   1      }
  60          /****************************************************************
  61                                检查忙状态
  62          ******************************************************************/
  63          void CheckBusy( void )
  64          {
  65   1              do SendByte(0xfc);     //11111,RW(1),RS(0),0
  66   1              while(0x80&ReceiveByte());
  67   1      }
  68          
  69          /******************************************************************
  70                     写一个字节的指令
  71          *******************************************************************/
  72          void WriteCommand( unsigned char Cbyte )
  73          {
  74   1              CS = 1;
  75   1              CheckBusy();
  76   1              SendByte(0xf8);          //11111,RW(0),RS(0),0
  77   1              SendByte(0xf0&Cbyte);
  78   1              SendByte(0xf0&Cbyte<<4);
  79   1              CS = 0;
  80   1      }
  81          /*************************************************************
  82                           写一个字节的数据
  83          **************************************************************/
  84          void WriteData( unsigned char Dbyte )
  85          {
  86   1              CS = 1;
  87   1              CheckBusy();
  88   1              SendByte(0xfa);          //11111,RW(0),RS(1),0
  89   1              SendByte(0xf0&Dbyte);
  90   1              SendByte(0xf0&Dbyte<<4);
  91   1              CS = 0;
  92   1      }
  93          
  94          /******************************************************************
  95                                   lcd初始化函数
  96          *******************************************************************/
  97          void LcmInit( void )
  98          {
  99   1           WriteCommand(0x30);
 100   1           WriteCommand(0x03);
 101   1           WriteCommand(0x0c);
 102   1           WriteCommand(0x01);
 103   1           WriteCommand(0x06);
 104   1      }
 105          
 106          /*******************************************************************************************************
 107                                           设定光标函数
 108          ********************************************************************************************************/
 109          void Location_xy_12864(unsigned char x,unsigned char y)
 110          {
 111   1              switch(x)
 112   1              {
 113   2                      case 0:
 114   2                              x=0x80;break;
 115   2                      case 1:
 116   2                              x=0x90;break;
 117   2                      case 2:
C51 COMPILER V9.01   LCD12864                                                              05/03/2018 21:45:27 PAGE 3   

 118   2                              x=0x88;break;
 119   2                      case 3:
 120   2                              x=0x98;break;
 121   2                      default:
 122   2                              x=0x80;
 123   2              }
 124   1              y=y&0x07;
 125   1              WriteCommand(0x30);
 126   1              WriteCommand(y+x);
 127   1              WriteCommand(y+x);
 128   1      
 129   1      }
 130          /***********************************************************************************
 131                            清除文本
 132          ************************************************************************************/
 133          void LcmClearTXT( void )
 134          {
 135   1              unsigned char i;
 136   1              WriteCommand(0x30);
 137   1              WriteCommand(0x80);
 138   1              for(i=0;i<64;i++)
 139   1              WriteData(0x20);
 140   1              Location_xy_12864(0,0);     
 141   1      }
 142          /**************************************************************************************
 143                             清除图片
 144          *****************************************************************************************/
 145          /*
 146          void LcmClearBMP( void )
 147          {
 148                  unsigned char i,j;
 149                  WriteCommand(0x34);
 150                  WriteCommand(0x36);
 151                  for(i=0;i<32;i++)
 152                  {
 153                          WriteCommand(0x80|i);
 154                          WriteCommand(0x80);
 155                          for(j=0;j<32;j++)
 156                          WriteData(0);
 157                  }
 158          }
 159          */
 160          //显示温度
 161          
 162          
 163          /****************************************************************************************
 164                                显示字符串
 165          *****************************************************************************************/
 166          void PutStr(unsigned char row,unsigned char col,unsigned char *puts)
 167          {    
 168   1              WriteCommand(0x30);
 169   1              WriteCommand(AC_TABLE[8*row+col]);
 170   1              while(*puts != '\0')
 171   1              {
 172   2                      if(col==8)
 173   2                      {
 174   3                              col=0;
 175   3                              row++;
 176   3                      }
 177   2                      if(row==4) row=0;
 178   2                      WriteCommand(AC_TABLE[8*row+col]);
 179   2                      WriteData(*puts);
C51 COMPILER V9.01   LCD12864                                                              05/03/2018 21:45:27 PAGE 4   

 180   2                      puts++;
 181   2                      if(*puts != '\0')
 182   2                      {
 183   3                              WriteData(*puts);
 184   3                              puts++;
 185   3                              col++;
 186   3                      }  
 187   2              }
 188   1      }
 189          /*
 190          //显示一个四位的数字
 191          void PutNum(unsigned char row,unsigned char col,unsigned int num)
 192          {
 193              WriteCommand(0x30);
 194              WriteCommand(AC_TABLE[8*row+col]);
 195              WriteData((num/1000)+48);
 196              WriteData(((num%1000)/100)+48);
 197              WriteData(((num%100)/10)+48);
 198              WriteData((num%10)+48);   
 199          }*/
 200          
 201          


MODULE INFORMATION:   STATIC OVERLAYABLE
   CODE SIZE        =    334    ----
   CONSTANT SIZE    =     32    ----
   XDATA SIZE       =   ----    ----
   PDATA SIZE       =   ----    ----
   DATA SIZE        =   ----       2
   IDATA SIZE       =   ----    ----
   BIT SIZE         =   ----    ----
END OF MODULE INFORMATION.


C51 COMPILATION COMPLETE.  0 WARNING(S),  0 ERROR(S)
